Generated: 2026-04-25T02:00:30
Project root: C:\DL_PROJECT\xyz
Dataset note: dataset folders are stored outside this project folder and should be configured in the notebook.
Notebook: C:\DL_PROJECT\xyz\all_model_training_testing_optimization.ipynb

==========================================================================================
Food-101 / ConvNeXtV2-Tiny Summary
==========================================================================================
Model: ConvNeXtV2-Tiny
Dataset: Food-101
Training command reference: python convnext/train_convnextv2_food101.py --data-root <FOOD101_DATA_ROOT> --model-name convnextv2_tiny --batch-size 16 --accum-steps 2
Best archived validation top-1: 91.655%
Best archived validation top-5: 98.523%
Best epoch: 10
Evidence note: archived Food-101 ConvNeXtV2 history is available; matched held-out test JSON was not archived.

==========================================================================================
Full History CSV
==========================================================================================

--- C:\DL_PROJECT\xyz\convnext\convnextv2_tiny_food101_10ep_bs32\history.csv ---
epoch,train_loss,train_top1,train_top5,val_loss,val_top1,val_top5,lr
1,1.928139,0.66738,0.86437,1.269086,0.852356,0.971604,9.755e-05
2,1.529502,0.774323,0.928383,1.185185,0.874257,0.978891,9.045e-05
3,1.403273,0.810601,0.944554,1.144026,0.886139,0.981228,7.939e-05
4,1.307857,0.83971,0.95662,1.126172,0.893109,0.981584,6.545e-05
5,1.22692,0.864251,0.965149,1.092779,0.902812,0.98503,5e-05
6,1.159549,0.885426,0.970706,1.085642,0.905624,0.984634,3.455e-05
7,1.10035,0.904713,0.976977,1.06951,0.90998,0.98499,2.061e-05
8,1.056915,0.918917,0.979538,1.061629,0.914178,0.98495,9.55e-06
9,1.022916,0.930469,0.982337,1.05552,0.914891,0.98503,2.45e-06
10,1.008807,0.934917,0.983696,1.050524,0.916554,0.985228,0.0


==========================================================================================
Archived Summary JSON
==========================================================================================

--- C:\DL_PROJECT\xyz\convnext\summary.json ---
{
  "tensor_root": "C:\\DSAI\\4th_sem\\DL\\DL_project\\dl_project\\outputs\\food101_uint8_tensors",
  "output_dir": "C:\\DSAI\\4th_sem\\DL\\DL_project\\dl_project\\outputs\\convnextv2_tiny_food101_tensor_10epoch_b16_fused_compile_ro_nocg_5shards",
  "model_name": "convnextv2_tiny",
  "epochs": 10,
  "batch_size": 16,
  "accum_steps": 1,
  "lr": 0.0001,
  "device": "cuda",
  "train_samples": 75750,
  "val_samples": 25250,
  "best_val_top1": 0.4986138613861386,
  "final_val_top1": 0.4986138613861386,
  "final_val_top5": 0.7644752475247525,
  "training_minutes": 120.9438352416666,
  "shards_per_load": 5,
  "use_fused_adamw": true,
  "use_torch_compile": true,
  "compile_mode": "reduce-overhead-no-cudagraphs",
  "compile_backend": "inductor"
}

==========================================================================================
Archived History JSON
==========================================================================================

--- C:\DL_PROJECT\xyz\convnext\history.json ---
{
  "train_loss": [
    1.2424515190706789,
    1.073970804149955,
    0.9855679682143057,
    0.9292455973798293,
    0.8839668556943585,
    0.8491815107978217,
    0.8304474367119692,
    0.8184082417881529,
    0.8163100794423925,
    0.8441477172555704
  ],
  "train_top1": [
    0.8519603960396039,
    0.9075643564356436,
    0.9358811881188119,
    0.9552343234323433,
    0.9693201320132013,
    0.9796831683168317,
    0.9853201320132013,
    0.9892409240924093,
    0.9898481848184818,
    0.9809240924092409
  ],
  "val_loss": [
    4.762297876254166,
    4.601142141540452,
    4.331085745773693,
    4.190076388935052,
    4.058180046563101,
    4.1155835711649145,
    3.7650580268331093,
    3.9585775091057958,
    3.5080291049504044,
    3.009570825515407
  ],
  "val_top1": [
    0.13251485148514852,
    0.159009900990099,
    0.22641584158415842,
    0.25766336633663367,
    0.29108910891089107,
    0.2978217821782178,
    0.35465346534653464,
    0.32562376237623764,
    0.40649504950495047,
    0.4986138613861386
  ],
  "val_top5": [
    0.3621386138613861,
    0.5851485148514851,
    0.6726732673267327,
    0.693069306930693,
    0.7268118811881188,
    0.6883168316831683,
    0.7181782178217821,
    0.6844356435643565,
    0.7308118811881188,
    0.7644752475247525
  ],
  "lr": [
    9.755282581475769e-05,
    9.045084971874737e-05,
    7.938926261462366e-05,
    6.545084971874737e-05,
    4.9999999999999996e-05,
    3.454915028125263e-05,
    2.0610737385376345e-05,
    9.549150281252631e-06,
    2.447174185242323e-06,
    0.0
  ]
}
