Generated: 2026-04-25T02:00:30
Project root: C:\DL_PROJECT\xyz
Dataset note: dataset folders are stored outside this project folder and should be configured in the notebook.
Notebook: C:\DL_PROJECT\xyz\all_model_training_testing_optimization.ipynb

==========================================================================================
iNaturalist / ConvNeXtV2-Tiny Optimized Summary
==========================================================================================
Model: ConvNeXtV2-Tiny
Dataset: iNaturalist / iNatLoc500 flat
Training command reference: python convnext/train_convnextv2_inat.py --data-root <INATLOC500_DATA_ROOT> --model-name convnextv2_tiny.fcmae_ft_in22k_in1k --epochs 10 --batch-size 16 --accum-steps 2 --use-fused-adamw
Testing command reference: python convnext/test_convnextv2_inat.py --data-root <INATLOC500_DATA_ROOT> --checkpoint optimization_runs/inaturalist/convnextv2_tiny_adamw_fused_in22k/best_checkpoint.pth
Best validation top-1: 75.320%
Test top-1: 94.840%
Test top-5: 98.600%
Training time: 73.05785315831503 minutes

==========================================================================================
Full Summary JSON
==========================================================================================
{
  "data_root": "C:\\DL_PROJECT\\xyz\\dataset\\inatloc500_flat",
  "output_dir": "C:\\DL_PROJECT\\xyz\\optimization_runs\\inaturalist\\convnextv2_tiny_adamw_fused_in22k",
  "model_name": "convnextv2_tiny.fcmae_ft_in22k_in1k",
  "epochs": 10,
  "batch_size": 16,
  "accum_steps": 2,
  "lr": 0.0003,
  "device": "cuda",
  "train_samples": 20000,
  "val_samples": 2500,
  "best_val_top1": 0.7532,
  "training_minutes": 73.05785315831503,
  "use_fused_adamw": true,
  "use_torch_compile": false,
  "compile_mode": "default",
  "compile_backend": "disabled"
}
==========================================================================================
Full Test JSON
==========================================================================================
{
  "test_loss": 0.27340283393859866,
  "test_top1": 0.9484,
  "test_top5": 0.986,
  "compile_enabled": false,
  "compile_backend_used": "disabled",
  "checkpoint": "C:\\DL_PROJECT\\xyz\\optimization_runs\\inaturalist\\convnextv2_tiny_adamw_fused_in22k\\best_checkpoint.pth"
}
==========================================================================================
Full History CSV
==========================================================================================

--- C:\DL_PROJECT\xyz\optimization_runs\inaturalist\convnextv2_tiny_adamw_fused_in22k\history.csv ---
epoch,train_loss,train_top1,train_top5,val_loss,val_top1,val_top5,lr
1,3.457279,0.29845,0.58625,2.203588,0.5012,0.8164,0.00029266
2,2.313978,0.4993,0.79585,2.002844,0.5532,0.844,0.00027135
3,1.958666,0.60355,0.85,1.840274,0.6104,0.8716,0.00023817
4,1.654069,0.68835,0.89625,1.747942,0.6404,0.8912,0.00019635
5,1.436254,0.75585,0.9193,1.661555,0.6772,0.8992,0.00015
6,1.230361,0.8174,0.94045,1.586476,0.7024,0.908,0.00010365
7,1.076367,0.8642,0.95185,1.541173,0.7148,0.9136,6.183e-05
8,0.980094,0.89435,0.959,1.472888,0.7392,0.92,2.865e-05
9,0.910179,0.91535,0.96425,1.443529,0.7472,0.9204,7.34e-06
10,0.871894,0.9246,0.969,1.447222,0.7532,0.9172,0.0


==========================================================================================
Raw Train Log
==========================================================================================

--- C:\DL_PROJECT\xyz\optimization_runs\inaturalist\convnextv2_tiny_adamw_fused_in22k\train.log ---
Dataset root: C:\DL_PROJECT\xyz\dataset\inatloc500_flat
Train samples: 20000
Validation samples: 2500
Classes: 500
Model: convnextv2_tiny.fcmae_ft_in22k_in1k
Device: cuda
Compile enabled: False
Compile backend used: disabled
Fused AdamW requested: True
Epoch 01/10 | train_top1=0.2984 | val_top1=0.5012 val_top5=0.8164
Epoch 02/10 | train_top1=0.4993 | val_top1=0.5532 val_top5=0.8440
Epoch 03/10 | train_top1=0.6036 | val_top1=0.6104 val_top5=0.8716
Epoch 04/10 | train_top1=0.6884 | val_top1=0.6404 val_top5=0.8912
Epoch 05/10 | train_top1=0.7559 | val_top1=0.6772 val_top5=0.8992
Epoch 06/10 | train_top1=0.8174 | val_top1=0.7024 val_top5=0.9080
Epoch 07/10 | train_top1=0.8642 | val_top1=0.7148 val_top5=0.9136
Epoch 08/10 | train_top1=0.8943 | val_top1=0.7392 val_top5=0.9200
Epoch 09/10 | train_top1=0.9153 | val_top1=0.7472 val_top5=0.9204
Epoch 10/10 | train_top1=0.9246 | val_top1=0.7532 val_top5=0.9172
Training complete. Best validation top-1: 0.7532
Artifacts saved to: C:\DL_PROJECT\xyz\optimization_runs\inaturalist\convnextv2_tiny_adamw_fused_in22k


==========================================================================================
Raw Train Error Log
==========================================================================================

--- C:\DL_PROJECT\xyz\optimization_runs\inaturalist\convnextv2_tiny_adamw_fused_in22k\train.err.log ---
Warning: You are sending unauthenticated requests to the HF Hub. Please set a HF_TOKEN to enable higher rate limits and faster downloads.


==========================================================================================
Raw Test Log
==========================================================================================

--- C:\DL_PROJECT\xyz\optimization_runs\inaturalist\convnextv2_tiny_adamw_fused_in22k\test.log ---
Test top1: 0.9484
Test top5: 0.9860
Metrics saved to: C:\DL_PROJECT\xyz\optimization_runs\inaturalist\convnextv2_tiny_adamw_fused_in22k\test_metrics.json


==========================================================================================
Raw Test Error Log
==========================================================================================

--- C:\DL_PROJECT\xyz\optimization_runs\inaturalist\convnextv2_tiny_adamw_fused_in22k\test.err.log ---

