Generated: 2026-04-25T02:00:30
Project root: C:\DL_PROJECT\xyz
Dataset note: dataset folders are stored outside this project folder and should be configured in the notebook.
Notebook: C:\DL_PROJECT\xyz\all_model_training_testing_optimization.ipynb

==========================================================================================
Food-101 / CvT-13 Summary
==========================================================================================
Model: microsoft/cvt-13 / CvT-13
Dataset: Food-101
Training command reference: python cvt/train_food101_cvt13.py --data_dir <FOOD101_DATA_ROOT> --batch_size 32 --epochs 10
Testing command reference: python cvt/test_food101_cvt13.py --data_dir <FOOD101_DATA_ROOT> --checkpoint cvt/checkpoints/cvt13_compile_sdpa_math_bs64_best.pth
Best saved validation accuracy: 85.637%
Fast SDPA validation accuracy: 85.492%
Held-out test accuracy: 89.624%
Total training time: 02:19:11

==========================================================================================
Full Metrics JSON: cvt13_compile_metrics.json
==========================================================================================
{
  "best_val_acc": 0.8563696369636964,
  "baseline_val_acc": 0.8339,
  "delta_vs_baseline": 0.022469636963696415,
  "total_training_seconds": 8350.7734739,
  "total_training_hms": "02:19:11",
  "avg_epoch_seconds": 789.4978571200002,
  "avg_epoch_hms": "13:09",
  "epochs": [
    {
      "epoch": 1,
      "train_loss": 3.5556507402992876,
      "train_approx_acc": 0.24167216721672166,
      "val_loss": 1.867008779985283,
      "val_acc": 0.6657425742574258,
      "train_seconds": 918.9620259999938,
      "eval_seconds": 72.04697659998783,
      "peak_vram_gb": 2.61830472946167,
      "train_images_per_sec": 74.1869610181264
    },
    {
      "epoch": 2,
      "train_loss": 2.819662226417102,
      "train_approx_acc": 0.3748734873487349,
      "val_loss": 1.6307993913719756,
      "val_acc": 0.7415181518151815,
      "train_seconds": 846.2529361000052,
      "eval_seconds": 47.05638429999817,
      "peak_vram_gb": 2.61818790435791,
      "train_images_per_sec": 80.56102034243753
    },
    {
      "epoch": 3,
      "train_loss": 2.6607606616717887,
      "train_approx_acc": 0.4036963696369637,
      "val_loss": 1.5451550238203293,
      "val_acc": 0.7676567656765677,
      "train_seconds": 775.5687309000059,
      "eval_seconds": 44.03445640001155,
      "peak_vram_gb": 2.61818790435791,
      "train_images_per_sec": 87.90323447012436
    },
    {
      "epoch": 4,
      "train_loss": 2.5275338982504105,
      "train_approx_acc": 0.4332086541987532,
      "val_loss": 1.4522355517145038,
      "val_acc": 0.7891749174917492,
      "train_seconds": 867.9369821,
      "eval_seconds": 44.529031800004304,
      "peak_vram_gb": 2.61818790435791,
      "train_images_per_sec": 78.5483294363705
    },
    {
      "epoch": 5,
      "train_loss": 2.441605654563666,
      "train_approx_acc": 0.4538027136046938,
      "val_loss": 1.3952281369155783,
      "val_acc": 0.81003300330033,
      "train_seconds": 744.1595911999902,
      "eval_seconds": 38.52857799999765,
      "peak_vram_gb": 2.61818790435791,
      "train_images_per_sec": 91.6134130449959
    },
    {
      "epoch": 6,
      "train_loss": 2.376328716274579,
      "train_approx_acc": 0.4755262192885955,
      "val_loss": 1.333018306190818,
      "val_acc": 0.8291749174917492,
      "train_seconds": 704.6016709999967,
      "eval_seconds": 39.19015070000023,
      "peak_vram_gb": 2.61818790435791,
      "train_images_per_sec": 96.75679579817562
    },
    {
      "epoch": 7,
      "train_loss": 2.3002758427386674,
      "train_approx_acc": 0.4902970297029703,
      "val_loss": 1.3012835001552066,
      "val_acc": 0.8427722772277227,
      "train_seconds": 703.2032354999974,
      "eval_seconds": 41.82822809999925,
      "peak_vram_gb": 2.61818790435791,
      "train_images_per_sec": 96.94921262915642
    },
    {
      "epoch": 8,
      "train_loss": 2.232232162246872,
      "train_approx_acc": 0.5028382838283828,
      "val_loss": 1.2873619893832569,
      "val_acc": 0.8475247524752475,
      "train_seconds": 705.3816882000101,
      "eval_seconds": 40.27730669999437,
      "peak_vram_gb": 2.61818790435791,
      "train_images_per_sec": 96.64980129264295
    },
    {
      "epoch": 9,
      "train_loss": 2.1831762800646826,
      "train_approx_acc": 0.5155995599559956,
      "val_loss": 1.2640218814528814,
      "val_acc": 0.8545214521452145,
      "train_seconds": 833.295984299999,
      "eval_seconds": 47.53960930000176,
      "peak_vram_gb": 2.61818790435791,
      "train_images_per_sec": 81.81366679364194
    },
    {
      "epoch": 10,
      "train_loss": 2.1757823906007774,
      "train_approx_acc": 0.5211881188118812,
      "val_loss": 1.2677976341530828,
      "val_acc": 0.8563696369636964,
      "train_seconds": 795.6157259000029,
      "eval_seconds": 39.414643600001,
      "peak_vram_gb": 2.61818790435791,
      "train_images_per_sec": 85.68835152532994
    }
  ],
  "attention_backend_requested": "eager",
  "attention_backends_resolved": {},
  "compile_enabled": true,
  "compile_backend_requested": "aot_eager",
  "compile_backend_used": "aot_eager",
  "amp_enabled": true,
  "channels_last_enabled": true,
  "patched_attention_layers": 0,
  "checkpoint_path": "C:\\DSAI\\4th_sem\\DL\\DL_project\\checkpoints\\cvt13_compile_best.pth"
}
==========================================================================================
Full Metrics JSON: cvt13_compile_sdpa_math_bs64_metrics.json
==========================================================================================
{
  "best_val_acc": 0.8549174917491749,
  "baseline_val_acc": 0.8339,
  "delta_vs_baseline": 0.021017491749174888,
  "total_training_seconds": 3617.3613218999963,
  "total_training_hms": "01:00:17",
  "avg_epoch_seconds": 344.4936461099991,
  "avg_epoch_hms": "05:44",
  "avg_train_images_per_sec": 199.0214568985448,
  "steady_train_images_per_sec": 203.52617043717117,
  "throughput_warmup_epochs": 1,
  "epochs": [
    {
      "epoch": 1,
      "train_loss": 3.6564187947410693,
      "train_approx_acc": 0.23100843417675102,
      "val_loss": 1.866112482744475,
      "val_acc": 0.6817161716171617,
      "train_seconds": 430.1830837000016,
      "eval_seconds": 49.55885320001107,
      "peak_vram_gb": 4.634134769439697,
      "train_images_per_sec": 158.47903505090744
    },
    {
      "epoch": 2,
      "train_loss": 2.7760832114721508,
      "train_approx_acc": 0.37858452511917856,
      "val_loss": 1.6028387018713621,
      "val_acc": 0.7489108910891089,
      "train_seconds": 333.94769649999216,
      "eval_seconds": 13.471548200002871,
      "peak_vram_gb": 4.632139682769775,
      "train_images_per_sec": 204.14873560896564
    },
    {
      "epoch": 3,
      "train_loss": 2.604585267351274,
      "train_approx_acc": 0.41487348734873486,
      "val_loss": 1.479390556442462,
      "val_acc": 0.7841584158415842,
      "train_seconds": 334.89129810000304,
      "eval_seconds": 13.756722299993271,
      "peak_vram_gb": 4.632139682769775,
      "train_images_per_sec": 203.57351889042525
    },
    {
      "epoch": 4,
      "train_loss": 2.50676250779502,
      "train_approx_acc": 0.44621928859552623,
      "val_loss": 1.4331297283676199,
      "val_acc": 0.801980198019802,
      "train_seconds": 336.32356530000106,
      "eval_seconds": 13.61818669999775,
      "peak_vram_gb": 4.632139682769775,
      "train_images_per_sec": 202.70658090576498
    },
    {
      "epoch": 5,
      "train_loss": 2.4136281285672387,
      "train_approx_acc": 0.4581298129812981,
      "val_loss": 1.360421959590597,
      "val_acc": 0.8211221122112211,
      "train_seconds": 334.4246071999951,
      "eval_seconds": 13.48300520000339,
      "peak_vram_gb": 4.632139682769775,
      "train_images_per_sec": 203.85760656430847
    },
    {
      "epoch": 6,
      "train_loss": 2.330203887458944,
      "train_approx_acc": 0.47961862852951964,
      "val_loss": 1.3291737138005373,
      "val_acc": 0.8331353135313532,
      "train_seconds": 335.10654950000753,
      "eval_seconds": 13.642848200004664,
      "peak_vram_gb": 4.632139682769775,
      "train_images_per_sec": 203.44275604794908
    },
    {
      "epoch": 7,
      "train_loss": 2.281114881198661,
      "train_approx_acc": 0.5015181518151816,
      "val_loss": 1.3010454439251335,
      "val_acc": 0.8444884488448845,
      "train_seconds": 337.31067790000816,
      "eval_seconds": 13.454749199998332,
      "peak_vram_gb": 4.632139682769775,
      "train_images_per_sec": 202.1133763817868
    },
    {
      "epoch": 8,
      "train_loss": 2.2205124016213778,
      "train_approx_acc": 0.501092775944261,
      "val_loss": 1.2714431798890873,
      "val_acc": 0.853993399339934,
      "train_seconds": 334.14308319998963,
      "eval_seconds": 13.566098800001782,
      "peak_vram_gb": 4.632139682769775,
      "train_images_per_sec": 204.02936175457577
    },
    {
      "epoch": 9,
      "train_loss": 2.197737788167855,
      "train_approx_acc": 0.5018555188852218,
      "val_loss": 1.2629827675961032,
      "val_acc": 0.8549174917491749,
      "train_seconds": 334.35930359999475,
      "eval_seconds": 13.431072399995173,
      "peak_vram_gb": 4.632139682769775,
      "train_images_per_sec": 203.89742192297433
    },
    {
      "epoch": 10,
      "train_loss": 2.1691673104650246,
      "train_approx_acc": 0.5204840484048405,
      "val_loss": 1.2677019461704166,
      "val_acc": 0.8546534653465346,
      "train_seconds": 334.246596099998,
      "eval_seconds": 13.562480900000082,
      "peak_vram_gb": 4.632139682769775,
      "train_images_per_sec": 203.96617585779032
    }
  ],
  "attention_backend_requested": "math",
  "attention_backends_resolved": {
    "cvt.encoder.stages.0.layers.0.attention.attention": "math",
    "cvt.encoder.stages.1.layers.0.attention.attention": "math",
    "cvt.encoder.stages.1.layers.1.attention.attention": "math",
    "cvt.encoder.stages.2.layers.0.attention.attention": "math",
    "cvt.encoder.stages.2.layers.1.attention.attention": "math",
    "cvt.encoder.stages.2.layers.2.attention.attention": "math",
    "cvt.encoder.stages.2.layers.3.attention.attention": "math",
    "cvt.encoder.stages.2.layers.4.attention.attention": "math",
    "cvt.encoder.stages.2.layers.5.attention.attention": "math",
    "cvt.encoder.stages.2.layers.6.attention.attention": "math",
    "cvt.encoder.stages.2.layers.7.attention.attention": "math",
    "cvt.encoder.stages.2.layers.8.attention.attention": "math",
    "cvt.encoder.stages.2.layers.9.attention.attention": "math"
  },
  "compile_enabled": true,
  "compile_backend_requested": "aot_eager",
  "compile_backend_used": "aot_eager",
  "amp_enabled": true,
  "channels_last_enabled": true,
  "patched_attention_layers": 13,
  "checkpoint_path": "C:\\DSAI\\4th_sem\\DL\\DL_project\\checkpoints\\cvt13_compile_sdpa_math_bs64_best.pth"
}
==========================================================================================
Full Test JSON: cvt13_compile_sdpa_math_bs64_test_metrics.json
==========================================================================================
{
  "test_loss": 0.5266026798640148,
  "test_acc": 0.8962376237623763,
  "test_seconds": 88.6318062000064,
  "test_hms": "01:29",
  "images_per_sec": 284.88644294375416,
  "compile_enabled": true,
  "compile_backend_requested": "aot_eager",
  "compile_backend_used": "aot_eager",
  "amp_enabled": true,
  "channels_last_enabled": true,
  "attention_backend_requested": "math",
  "attention_backends_resolved": {
    "cvt.encoder.stages.0.layers.0.attention.attention": "math",
    "cvt.encoder.stages.1.layers.0.attention.attention": "math",
    "cvt.encoder.stages.1.layers.1.attention.attention": "math",
    "cvt.encoder.stages.2.layers.0.attention.attention": "math",
    "cvt.encoder.stages.2.layers.1.attention.attention": "math",
    "cvt.encoder.stages.2.layers.2.attention.attention": "math",
    "cvt.encoder.stages.2.layers.3.attention.attention": "math",
    "cvt.encoder.stages.2.layers.4.attention.attention": "math",
    "cvt.encoder.stages.2.layers.5.attention.attention": "math",
    "cvt.encoder.stages.2.layers.6.attention.attention": "math",
    "cvt.encoder.stages.2.layers.7.attention.attention": "math",
    "cvt.encoder.stages.2.layers.8.attention.attention": "math",
    "cvt.encoder.stages.2.layers.9.attention.attention": "math"
  },
  "patched_attention_layers": 13,
  "checkpoint_path": "C:\\DSAI\\4th_sem\\DL\\DL_project\\checkpoints\\cvt13_compile_sdpa_math_bs64_best.pth"
}